# JRE version: OpenJDK Runtime Environment (11.0.12+7) (build 11.0.12+7-b1504.28-7817840)
# Java VM: OpenJDK 64-Bit Server VM (11.0.12+7-b1504.28-7817840, mixed mode, tiered, compressed oops, g1 gc, windows-amd64)
Heap:
 garbage-first heap   total 328704K, used 217222K [0x0000000080000000, 0x0000000100000000)
  region size 1024K, 9 young (9216K), 6 survivors (6144K)
 Metaspace       used 140829K, capacity 144504K, committed 144640K, reserved 1175552K
  class space    used 17536K, capacity 18898K, committed 18944K, reserved 1048576K
GC Heap History (20 events):
Event: 2195.159 GC heap before
{Heap before GC invocations=85 (full 0):
 garbage-first heap   total 273408K, used 142522K [0x0000000080000000, 0x0000000100000000)
  region size 1024K, 13 young (13312K), 5 survivors (5120K)
 Metaspace       used 125514K, capacity 128480K, committed 128768K, reserved 1161216K
  class space    used 15556K, capacity 16578K, committed 16640K, reserved 1048576K
}
Event: 2195.164 GC heap after
{Heap after GC invocations=86 (full 0):
 garbage-first heap   total 273408K, used 135149K [0x0000000080000000, 0x0000000100000000)
  region size 1024K, 2 young (2048K), 2 survivors (2048K)
 Metaspace       used 125514K, capacity 128480K, committed 128768K, reserved 1161216K
  class space    used 15556K, capacity 16578K, committed 16640K, reserved 1048576K
}
Event: 2195.765 GC heap before
{Heap before GC invocations=86 (full 0):
 garbage-first heap   total 273408K, used 170989K [0x0000000080000000, 0x0000000100000000)
  region size 1024K, 38 young (38912K), 2 survivors (2048K)
 Metaspace       used 127959K, capacity 130936K, committed 131200K, reserved 1163264K
  class space    used 15894K, capacity 16932K, committed 17024K, reserved 1048576K
}
Event: 2195.770 GC heap after
{Heap after GC invocations=87 (full 0):
 garbage-first heap   total 273408K, used 135619K [0x0000000080000000, 0x0000000100000000)
  region size 1024K, 2 young (2048K), 2 survivors (2048K)
 Metaspace       used 127959K, capacity 130936K, committed 131200K, reserved 1163264K
  class space    used 15894K, capacity 16932K, committed 17024K, reserved 1048576K
}
Event: 2197.863 GC heap before
{Heap before GC invocations=88 (full 0):
 garbage-first heap   total 273408K, used 206275K [0x0000000080000000, 0x0000000100000000)
  region size 1024K, 69 young (70656K), 2 survivors (2048K)
 Metaspace       used 135177K, capacity 138394K, committed 138496K, reserved 1169408K
  class space    used 16904K, capacity 18094K, committed 18176K, reserved 1048576K
}
Event: 2197.874 GC heap after
{Heap after GC invocations=89 (full 0):
 garbage-first heap   total 273408K, used 137616K [0x0000000080000000, 0x0000000100000000)
  region size 1024K, 4 young (4096K), 4 survivors (4096K)
 Metaspace       used 135177K, capacity 138394K, committed 138496K, reserved 1169408K
  class space    used 16904K, capacity 18094K, committed 18176K, reserved 1048576K
}
Event: 2198.210 GC heap before
{Heap before GC invocations=89 (full 0):
 garbage-first heap   total 273408K, used 146832K [0x0000000080000000, 0x0000000100000000)
  region size 1024K, 13 young (13312K), 4 survivors (4096K)
 Metaspace       used 135426K, capacity 138724K, committed 139008K, reserved 1169408K
  class space    used 16912K, capacity 18095K, committed 18176K, reserved 1048576K
}
Event: 2198.218 GC heap after
{Heap after GC invocations=90 (full 0):
 garbage-first heap   total 273408K, used 137124K [0x0000000080000000, 0x0000000100000000)
  region size 1024K, 1 young (1024K), 1 survivors (1024K)
 Metaspace       used 135426K, capacity 138724K, committed 139008K, reserved 1169408K
  class space    used 16912K, capacity 18095K, committed 18176K, reserved 1048576K
}
Event: 2199.059 GC heap before
{Heap before GC invocations=90 (full 0):
 garbage-first heap   total 273408K, used 207780K [0x0000000080000000, 0x0000000100000000)
  region size 1024K, 70 young (71680K), 1 survivors (1024K)
 Metaspace       used 136241K, capacity 139570K, committed 139776K, reserved 1171456K
  class space    used 16965K, capacity 18174K, committed 18176K, reserved 1048576K
}
Event: 2199.077 GC heap after
{Heap after GC invocations=91 (full 0):
 garbage-first heap   total 273408K, used 137036K [0x0000000080000000, 0x0000000100000000)
  region size 1024K, 1 young (1024K), 1 survivors (1024K)
 Metaspace       used 136241K, capacity 139570K, committed 139776K, reserved 1171456K
  class space    used 16965K, capacity 18174K, committed 18176K, reserved 1048576K
}
Event: 2200.754 GC heap before
{Heap before GC invocations=92 (full 0):
 garbage-first heap   total 273408K, used 227148K [0x0000000080000000, 0x0000000100000000)
  region size 1024K, 74 young (75776K), 1 survivors (1024K)
 Metaspace       used 139114K, capacity 142619K, committed 142848K, reserved 1173504K
  class space    used 17335K, capacity 18630K, committed 18688K, reserved 1048576K
}
Event: 2200.796 GC heap after
{Heap after GC invocations=93 (full 0):
 garbage-first heap   total 273408K, used 162033K [0x0000000080000000, 0x0000000100000000)
  region size 1024K, 10 young (10240K), 10 survivors (10240K)
 Metaspace       used 139114K, capacity 142619K, committed 142848K, reserved 1173504K
  class space    used 17335K, capacity 18630K, committed 18688K, reserved 1048576K
}
Event: 2200.865 GC heap before
{Heap before GC invocations=93 (full 0):
 garbage-first heap   total 273408K, used 164081K [0x0000000080000000, 0x0000000100000000)
  region size 1024K, 13 young (13312K), 10 survivors (10240K)
 Metaspace       used 139114K, capacity 142619K, committed 142848K, reserved 1173504K
  class space    used 17335K, capacity 18630K, committed 18688K, reserved 1048576K
}
Event: 2200.899 GC heap after
{Heap after GC invocations=94 (full 0):
 garbage-first heap   total 273408K, used 160279K [0x0000000080000000, 0x0000000100000000)
  region size 1024K, 1 young (1024K), 1 survivors (1024K)
 Metaspace       used 139114K, capacity 142619K, committed 142848K, reserved 1173504K
  class space    used 17335K, capacity 18630K, committed 18688K, reserved 1048576K
}
Event: 2201.348 GC heap before
{Heap before GC invocations=94 (full 0):
 garbage-first heap   total 273408K, used 217623K [0x0000000080000000, 0x0000000100000000)
  region size 1024K, 58 young (59392K), 1 survivors (1024K)
 Metaspace       used 139775K, capacity 143302K, committed 143488K, reserved 1173504K
  class space    used 17411K, capacity 18710K, committed 18816K, reserved 1048576K
}
Event: 2201.441 GC heap after
{Heap after GC invocations=95 (full 0):
 garbage-first heap   total 328704K, used 186315K [0x0000000080000000, 0x0000000100000000)
  region size 1024K, 8 young (8192K), 8 survivors (8192K)
 Metaspace       used 139775K, capacity 143302K, committed 143488K, reserved 1173504K
  class space    used 17411K, capacity 18710K, committed 18816K, reserved 1048576K
}
Event: 2202.905 GC heap before
{Heap before GC invocations=96 (full 0):
 garbage-first heap   total 328704K, used 249803K [0x0000000080000000, 0x0000000100000000)
  region size 1024K, 70 young (71680K), 8 survivors (8192K)
 Metaspace       used 140708K, capacity 144349K, committed 144640K, reserved 1175552K
  class space    used 17526K, capacity 18890K, committed 18944K, reserved 1048576K
}
Event: 2202.962 GC heap after
{Heap after GC invocations=97 (full 0):
 garbage-first heap   total 328704K, used 201728K [0x0000000080000000, 0x0000000100000000)
  region size 1024K, 9 young (9216K), 9 survivors (9216K)
 Metaspace       used 140708K, capacity 144349K, committed 144640K, reserved 1175552K
  class space    used 17526K, capacity 18890K, committed 18944K, reserved 1048576K
}
Event: 2203.072 GC heap before
{Heap before GC invocations=97 (full 0):
 garbage-first heap   total 328704K, used 215040K [0x0000000080000000, 0x0000000100000000)
  region size 1024K, 24 young (24576K), 9 survivors (9216K)
 Metaspace       used 140771K, capacity 144423K, committed 144640K, reserved 1175552K
  class space    used 17533K, capacity 18893K, committed 18944K, reserved 1048576K
}
Event: 2203.148 GC heap after
{Heap after GC invocations=98 (full 0):
 garbage-first heap   total 328704K, used 205767K [0x0000000080000000, 0x0000000100000000)
  region size 1024K, 3 young (3072K), 3 survivors (3072K)
 Metaspace       used 140771K, capacity 144423K, committed 144640K, reserved 1175552K
  class space    used 17533K, capacity 18893K, committed 18944K, reserved 1048576K
}

